2014-03-01 10:28:42,378 INFO Main start
2014-03-01 10:28:42,381 INFO Main stop
2014-03-01 11:01:07,549 INFO Main start
2014-03-01 11:01:07,552 INFO Main stop
2014-03-01 11:01:54,788 INFO Main start
2014-03-01 11:04:32,377 INFO Main start
2014-03-01 11:04:32,378 INFO Bonjour : Mme. Leela
2014-03-01 11:04:32,378 INFO Bonjour : Mme. Amy Wong
2014-03-01 11:04:32,381 INFO Bonjour : Mme. Mom
2014-03-01 11:04:32,381 INFO Bonjour : Mme. LaBarbara Conrad
2014-03-01 11:04:32,381 INFO Bonjour : M. Fry
2014-03-01 11:04:32,382 INFO Bonjour : M. Bender
2014-03-01 11:04:32,384 INFO Bonjour : M. Hermes Conrad
2014-03-01 11:04:32,384 INFO Bonjour : M. Hubert J. Farnsworth
2014-03-01 11:04:32,385 INFO Bonjour : M. John A. Zoidberg
2014-03-01 11:04:32,387 INFO Bonjour : M. Richard Nixon's head
2014-03-01 11:04:32,387 INFO Bonjour : M. Zapp Brannigan
2014-03-01 11:04:32,388 INFO Bonjour : M. Kif Kroker
2014-03-01 11:04:32,388 INFO Bonjour : M. Nibbler
2014-03-01 11:04:32,390 INFO Bonjour : M. Scruffy
2014-03-01 11:04:32,390 INFO Bonjour : M. Leo Wong
2014-03-01 11:04:32,391 INFO Bonjour : M. Lrrr
2014-03-01 11:04:32,391 INFO Bonjour : M. Cubert Farnsworth
2014-03-01 11:04:32,392 INFO Bonjour : M. Dwight Conrad
2014-03-01 11:04:32,392 INFO Main stop
